# JRE version: Java(TM) SE Runtime Environment (7.0_67-b01) (build 1.7.0_67-b01)
# Java VM: Java HotSpot(TM) 64-Bit Server VM (24.65-b04 mixed mode linux-amd64 compressed oops)
Heap
 PSYoungGen      total 165376K, used 157868K [0x00000000eaa80000, 0x00000000f8100000, 0x0000000100000000)
  eden space 122880K, 99% used [0x00000000eaa80000,0x00000000f2193090,0x00000000f2280000)
  from space 42496K, 84% used [0x00000000f5080000,0x00000000f7398010,0x00000000f7a00000)
  to   space 47104K, 0% used [0x00000000f2280000,0x00000000f2280000,0x00000000f5080000)
 ParOldGen       total 686080K, used 603653K [0x00000000c0000000, 0x00000000e9e00000, 0x00000000eaa80000)
  object space 686080K, 87% used [0x00000000c0000000,0x00000000e4d81410,0x00000000e9e00000)
 PSPermGen       total 56832K, used 56385K [0x00000000b0000000, 0x00000000b3780000, 0x00000000c0000000)
  object space 56832K, 99% used [0x00000000b0000000,0x00000000b3710778,0x00000000b3780000)
GC Heap History (10 events):
Event: 297.644 GC heap before
{Heap before GC invocations=36 (full 0):
 PSYoungGen      total 145920K, used 145824K [0x00000000eaa80000, 0x00000000f8200000, 0x0000000100000000)
  eden space 135680K, 100% used [0x00000000eaa80000,0x00000000f2f00000,0x00000000f2f00000)
  from space 10240K, 99% used [0x00000000f3100000,0x00000000f3ae8010,0x00000000f3b00000)
  to   space 42496K, 0% used [0x00000000f5880000,0x00000000f5880000,0x00000000f8200000)
 ParOldGen       total 686080K, used 529961K [0x00000000c0000000, 0x00000000e9e00000, 0x00000000eaa80000)
  object space 686080K, 77% used [0x00000000c0000000,0x00000000e058a470,0x00000000e9e00000)
 PSPermGen       total 56320K, used 56081K [0x00000000b0000000, 0x00000000b3700000, 0x00000000c0000000)
  object space 56320K, 99% used [0x00000000b0000000,0x00000000b36c45d0,0x00000000b3700000)
Event: 297.659 GC heap after
Heap after GC invocations=36 (full 0):
 PSYoungGen      total 169984K, used 10368K [0x00000000eaa80000, 0x00000000f7c00000, 0x0000000100000000)
  eden space 133632K, 0% used [0x00000000eaa80000,0x00000000eaa80000,0x00000000f2d00000)
  from space 36352K, 28% used [0x00000000f5880000,0x00000000f62a0000,0x00000000f7c00000)
  to   space 40448K, 0% used [0x00000000f2d00000,0x00000000f2d00000,0x00000000f5480000)
 ParOldGen       total 686080K, used 539585K [0x00000000c0000000, 0x00000000e9e00000, 0x00000000eaa80000)
  object space 686080K, 78% used [0x00000000c0000000,0x00000000e0ef0480,0x00000000e9e00000)
 PSPermGen       total 56320K, used 56081K [0x00000000b0000000, 0x00000000b3700000, 0x00000000c0000000)
  object space 56320K, 99% used [0x00000000b0000000,0x00000000b36c45d0,0x00000000b3700000)
}
Event: 299.200 GC heap before
{Heap before GC invocations=37 (full 0):
 PSYoungGen      total 169984K, used 144000K [0x00000000eaa80000, 0x00000000f7c00000, 0x0000000100000000)
  eden space 133632K, 100% used [0x00000000eaa80000,0x00000000f2d00000,0x00000000f2d00000)
  from space 36352K, 28% used [0x00000000f5880000,0x00000000f62a0000,0x00000000f7c00000)
  to   space 40448K, 0% used [0x00000000f2d00000,0x00000000f2d00000,0x00000000f5480000)
 ParOldGen       total 686080K, used 539585K [0x00000000c0000000, 0x00000000e9e00000, 0x00000000eaa80000)
  object space 686080K, 78% used [0x00000000c0000000,0x00000000e0ef0480,0x00000000e9e00000)
 PSPermGen       total 56320K, used 56081K [0x00000000b0000000, 0x00000000b3700000, 0x00000000c0000000)
  object space 56320K, 99% used [0x00000000b0000000,0x00000000b36c4700,0x00000000b3700000)
Event: 299.214 GC heap after
Heap after GC invocations=37 (full 0):
 PSYoungGen      total 141824K, used 10016K [0x00000000eaa80000, 0x00000000f7700000, 0x0000000100000000)
  eden space 131584K, 0% used [0x00000000eaa80000,0x00000000eaa80000,0x00000000f2b00000)
  from space 10240K, 97% used [0x00000000f2d00000,0x00000000f36c8000,0x00000000f3700000)
  to   space 38912K, 0% used [0x00000000f5100000,0x00000000f5100000,0x00000000f7700000)
 ParOldGen       total 686080K, used 549337K [0x00000000c0000000, 0x00000000e9e00000, 0x00000000eaa80000)
  object space 686080K, 80% used [0x00000000c0000000,0x00000000e1876480,0x00000000e9e00000)
 PSPermGen       total 56320K, used 56081K [0x00000000b0000000, 0x00000000b3700000, 0x00000000c0000000)
  object space 56320K, 99% used [0x00000000b0000000,0x00000000b36c4700,0x00000000b3700000)
}
Event: 306.629 GC heap before
{Heap before GC invocations=38 (full 0):
 PSYoungGen      total 141824K, used 141600K [0x00000000eaa80000, 0x00000000f7700000, 0x0000000100000000)
  eden space 131584K, 100% used [0x00000000eaa80000,0x00000000f2b00000,0x00000000f2b00000)
  from space 10240K, 97% used [0x00000000f2d00000,0x00000000f36c8000,0x00000000f3700000)
  to   space 38912K, 0% used [0x00000000f5100000,0x00000000f5100000,0x00000000f7700000)
 ParOldGen       total 686080K, used 549337K [0x00000000c0000000, 0x00000000e9e00000, 0x00000000eaa80000)
  object space 686080K, 80% used [0x00000000c0000000,0x00000000e1876480,0x00000000e9e00000)
 PSPermGen       total 56320K, used 56091K [0x00000000b0000000, 0x00000000b3700000, 0x00000000c0000000)
  object space 56320K, 99% used [0x00000000b0000000,0x00000000b36c6c38,0x00000000b3700000)
Event: 306.648 GC heap after
Heap after GC invocations=38 (full 0):
 PSYoungGen      total 162304K, used 11712K [0x00000000eaa80000, 0x00000000f7100000, 0x0000000100000000)
  eden space 129536K, 0% used [0x00000000eaa80000,0x00000000eaa80000,0x00000000f2900000)
  from space 32768K, 35% used [0x00000000f5100000,0x00000000f5c70000,0x00000000f7100000)
  to   space 36864K, 0% used [0x00000000f2900000,0x00000000f2900000,0x00000000f4d00000)
 ParOldGen       total 686080K, used 558449K [0x00000000c0000000, 0x00000000e9e00000, 0x00000000eaa80000)
  object space 686080K, 81% used [0x00000000c0000000,0x00000000e215c480,0x00000000e9e00000)
 PSPermGen       total 56320K, used 56091K [0x00000000b0000000, 0x00000000b3700000, 0x00000000c0000000)
  object space 56320K, 99% used [0x00000000b0000000,0x00000000b36c6c38,0x00000000b3700000)
}
Event: 314.976 GC heap before
{Heap before GC invocations=39 (full 0):
 PSYoungGen      total 162304K, used 141248K [0x00000000eaa80000, 0x00000000f7100000, 0x0000000100000000)
  eden space 129536K, 100% used [0x00000000eaa80000,0x00000000f2900000,0x00000000f2900000)
  from space 32768K, 35% used [0x00000000f5100000,0x00000000f5c70000,0x00000000f7100000)
  to   space 36864K, 0% used [0x00000000f2900000,0x00000000f2900000,0x00000000f4d00000)
 ParOldGen       total 686080K, used 558449K [0x00000000c0000000, 0x00000000e9e00000, 0x00000000eaa80000)
  object space 686080K, 81% used [0x00000000c0000000,0x00000000e215c480,0x00000000e9e00000)
 PSPermGen       total 56320K, used 56304K [0x00000000b0000000, 0x00000000b3700000, 0x00000000c0000000)
  object space 56320K, 99% used [0x00000000b0000000,0x00000000b36fc048,0x00000000b3700000)
Event: 315.001 GC heap after
Heap after GC invocations=39 (full 0):
 PSYoungGen      total 164352K, used 35360K [0x00000000eaa80000, 0x00000000f7a00000, 0x0000000100000000)
  eden space 127488K, 0% used [0x00000000eaa80000,0x00000000eaa80000,0x00000000f2700000)
  from space 36864K, 95% used [0x00000000f2900000,0x00000000f4b88010,0x00000000f4d00000)
  to   space 42496K, 0% used [0x00000000f5080000,0x00000000f5080000,0x00000000f7a00000)
 ParOldGen       total 686080K, used 569224K [0x00000000c0000000, 0x00000000e9e00000, 0x00000000eaa80000)
  object space 686080K, 82% used [0x00000000c0000000,0x00000000e2be23f0,0x00000000e9e00000)
 PSPermGen       total 56320K, used 56304K [0x00000000b0000000, 0x00000000b3700000, 0x00000000c0000000)
  object space 56320K, 99% used [0x00000000b0000000,0x00000000b36fc048,0x00000000b3700000)
}
Event: 319.182 GC heap before
{Heap before GC invocations=40 (full 0):
 PSYoungGen      total 164352K, used 162848K [0x00000000eaa80000, 0x00000000f7a00000, 0x0000000100000000)
  eden space 127488K, 100% used [0x00000000eaa80000,0x00000000f2700000,0x00000000f2700000)
  from space 36864K, 95% used [0x00000000f2900000,0x00000000f4b88010,0x00000000f4d00000)
  to   space 42496K, 0% used [0x00000000f5080000,0x00000000f5080000,0x00000000f7a00000)
 ParOldGen       total 686080K, used 569224K [0x00000000c0000000, 0x00000000e9e00000, 0x00000000eaa80000)
  object space 686080K, 82% used [0x00000000c0000000,0x00000000e2be23f0,0x00000000e9e00000)
 PSPermGen       total 56832K, used 56351K [0x00000000b0000000, 0x00000000b3780000, 0x00000000c0000000)
  object space 56832K, 99% used [0x00000000b0000000,0x00000000b3707ec8,0x00000000b3780000)
Event: 319.229 GC heap after
Heap after GC invocations=40 (full 0):
 PSYoungGen      total 165376K, used 35936K [0x00000000eaa80000, 0x00000000f8100000, 0x0000000100000000)
  eden space 122880K, 0% used [0x00000000eaa80000,0x00000000eaa80000,0x00000000f2280000)
  from space 42496K, 84% used [0x00000000f5080000,0x00000000f7398010,0x00000000f7a00000)
  to   space 47104K, 0% used [0x00000000f2280000,0x00000000f2280000,0x00000000f5080000)
 ParOldGen       total 686080K, used 603653K [0x00000000c0000000, 0x00000000e9e00000, 0x00000000eaa80000)
  object space 686080K, 87% used [0x00000000c0000000,0x00000000e4d81410,0x00000000e9e00000)
 PSPermGen       total 56832K, used 56351K [0x00000000b0000000, 0x00000000b3780000, 0x00000000c0000000)
  object space 56832K, 99% used [0x00000000b0000000,0x00000000b3707ec8,0x00000000b3780000)
}

